<?xml version="1.0" encoding="UTF-8"?>
<!-- Generated by org.testng.reporters.JUnitReportReporter -->
<testsuite skipped="0" hostname="HARISH" name="testLogin" tests="1" failures="0" timestamp="31 Jul 2019 17:42:36 GMT" time="0.005" errors="0">
  <testcase name="testLogin" time="0.005" classname="testLogin"/>
</testsuite> <!-- testLogin -->
